<?xml version="1.0"?>
<!DOCTYPE coverage SYSTEM "http://cobertura.sourceforge.net/xml/coverage-04.dtd">

<coverage line-rate="0.0" branch-rate="0.0" lines-covered="0" lines-valid="256" branches-covered="0" branches-valid="4" complexity="1.5507246376811594" version="1.9.4.1" timestamp="1318749709063">
	<sources>
		<source>/Users/emil/projects/java/texas-holdem-botgame/client/src/main/java</source>
		<source>--source</source>
	</sources>
	<packages>
		<package name="se.cygni.texasholdem.client" line-rate="0.0" branch-rate="0.0" complexity="1.1764705882352942">
			<classes>
				<class name="se.cygni.texasholdem.client.Main" filename="se/cygni/texasholdem/client/Main.java" line-rate="0.0" branch-rate="1.0" complexity="1.0">
					<methods>
						<method name="&lt;init&gt;" signature="()V" line-rate="0.0" branch-rate="1.0">
							<lines>
								<line number="9" hits="0" branch="false"/>
							</lines>
						</method>
						<method name="main" signature="([Ljava/lang/String;)V" line-rate="0.0" branch-rate="1.0">
							<lines>
								<line number="17" hits="0" branch="false"/>
								<line number="18" hits="0" branch="false"/>
								<line number="20" hits="0" branch="false"/>
								<line number="22" hits="0" branch="false"/>
								<line number="23" hits="0" branch="false"/>
							</lines>
						</method>
					</methods>
					<lines>
						<line number="9" hits="0" branch="false"/>
						<line number="17" hits="0" branch="false"/>
						<line number="18" hits="0" branch="false"/>
						<line number="20" hits="0" branch="false"/>
						<line number="22" hits="0" branch="false"/>
						<line number="23" hits="0" branch="false"/>
					</lines>
				</class>
				<class name="se.cygni.texasholdem.client.PlayerServiceImpl" filename="se/cygni/texasholdem/client/PlayerServiceImpl.java" line-rate="0.0" branch-rate="0.0" complexity="1.1875">
					<methods>
						<method name="&lt;clinit&gt;" signature="()V" line-rate="0.0" branch-rate="1.0">
							<lines>
								<line number="37" hits="0" branch="false"/>
							</lines>
						</method>
						<method name="&lt;init&gt;" signature="(Lse/cygni/texasholdem/player/PlayerInterface;)V" line-rate="0.0" branch-rate="1.0">
							<lines>
								<line number="42" hits="0" branch="false"/>
								<line number="44" hits="0" branch="false"/>
								<line number="45" hits="0" branch="false"/>
							</lines>
						</method>
						<method name="onCommunityHasBeenDealtACard" signature="(Lcom/google/protobuf/RpcController;Lse/cygni/texasholdem/communication/ClientServer$CommunityHasBeenDealtACardEvent;Lcom/google/protobuf/RpcCallback;)V" line-rate="0.0" branch-rate="1.0">
							<lines>
								<line number="95" hits="0" branch="false"/>
								<line number="96" hits="0" branch="false"/>
								<line number="99" hits="0" branch="false"/>
							</lines>
						</method>
						<method name="onPlayIsStarted" signature="(Lcom/google/protobuf/RpcController;Lse/cygni/texasholdem/communication/ClientServer$PlayIsStartedEvent;Lcom/google/protobuf/RpcCallback;)V" line-rate="0.0" branch-rate="1.0">
							<lines>
								<line number="73" hits="0" branch="false"/>
								<line number="74" hits="0" branch="false"/>
								<line number="76" hits="0" branch="false"/>
							</lines>
						</method>
						<method name="onPlayerCalled" signature="(Lcom/google/protobuf/RpcController;Lse/cygni/texasholdem/communication/ClientServer$PlayerCalledEvent;Lcom/google/protobuf/RpcCallback;)V" line-rate="0.0" branch-rate="1.0">
							<lines>
								<line number="118" hits="0" branch="false"/>
								<line number="119" hits="0" branch="false"/>
								<line number="121" hits="0" branch="false"/>
							</lines>
						</method>
						<method name="onPlayerChecked" signature="(Lcom/google/protobuf/RpcController;Lse/cygni/texasholdem/communication/ClientServer$PlayerCheckedEvent;Lcom/google/protobuf/RpcCallback;)V" line-rate="0.0" branch-rate="1.0">
							<lines>
								<line number="151" hits="0" branch="false"/>
								<line number="152" hits="0" branch="false"/>
								<line number="154" hits="0" branch="false"/>
							</lines>
						</method>
						<method name="onPlayerFolded" signature="(Lcom/google/protobuf/RpcController;Lse/cygni/texasholdem/communication/ClientServer$PlayerFoldedEvent;Lcom/google/protobuf/RpcCallback;)V" line-rate="0.0" branch-rate="1.0">
							<lines>
								<line number="107" hits="0" branch="false"/>
								<line number="108" hits="0" branch="false"/>
								<line number="110" hits="0" branch="false"/>
							</lines>
						</method>
						<method name="onPlayerRaised" signature="(Lcom/google/protobuf/RpcController;Lse/cygni/texasholdem/communication/ClientServer$PlayerRaisedEvent;Lcom/google/protobuf/RpcCallback;)V" line-rate="0.0" branch-rate="1.0">
							<lines>
								<line number="129" hits="0" branch="false"/>
								<line number="130" hits="0" branch="false"/>
								<line number="132" hits="0" branch="false"/>
							</lines>
						</method>
						<method name="onPlayerWentAllIn" signature="(Lcom/google/protobuf/RpcController;Lse/cygni/texasholdem/communication/ClientServer$PlayerWentAllInEvent;Lcom/google/protobuf/RpcCallback;)V" line-rate="0.0" branch-rate="1.0">
							<lines>
								<line number="140" hits="0" branch="false"/>
								<line number="141" hits="0" branch="false"/>
								<line number="143" hits="0" branch="false"/>
							</lines>
						</method>
						<method name="onPlayerWithdrew" signature="(Lcom/google/protobuf/RpcController;Lse/cygni/texasholdem/communication/ClientServer$PlayerWithdrewEvent;Lcom/google/protobuf/RpcCallback;)V" line-rate="0.0" branch-rate="1.0">
							<lines>
								<line number="187" hits="0" branch="false"/>
								<line number="188" hits="0" branch="false"/>
								<line number="190" hits="0" branch="false"/>
							</lines>
						</method>
						<method name="onShowDown" signature="(Lcom/google/protobuf/RpcController;Lse/cygni/texasholdem/communication/ClientServer$ShowDownEvent;Lcom/google/protobuf/RpcCallback;)V" line-rate="0.0" branch-rate="0.0">
							<lines>
								<line number="162" hits="0" branch="false"/>
								<line number="163" hits="0" branch="true" condition-coverage="0% (0/2)">
									<conditions>
										<condition number="0" type="jump" coverage="0%"/>
									</conditions>
								</line>
								<line number="165" hits="0" branch="false"/>
								<line number="169" hits="0" branch="false"/>
							</lines>
						</method>
						<method name="onYouHaveBeenDealtACard" signature="(Lcom/google/protobuf/RpcController;Lse/cygni/texasholdem/communication/ClientServer$YouHaveBeenDealtACardEvent;Lcom/google/protobuf/RpcCallback;)V" line-rate="0.0" branch-rate="1.0">
							<lines>
								<line number="84" hits="0" branch="false"/>
								<line number="85" hits="0" branch="false"/>
								<line number="87" hits="0" branch="false"/>
							</lines>
						</method>
						<method name="onYouMustAct" signature="(Lcom/google/protobuf/RpcController;Lse/cygni/texasholdem/communication/ClientServer$PBPossibleActions;Lcom/google/protobuf/RpcCallback;)V" line-rate="0.0" branch-rate="0.0">
							<lines>
								<line number="199" hits="0" branch="false"/>
								<line number="201" hits="0" branch="true" condition-coverage="0% (0/2)">
									<conditions>
										<condition number="0" type="jump" coverage="0%"/>
									</conditions>
								</line>
								<line number="202" hits="0" branch="false"/>
								<line number="205" hits="0" branch="false"/>
								<line number="207" hits="0" branch="false"/>
								<line number="210" hits="0" branch="false"/>
								<line number="212" hits="0" branch="false"/>
								<line number="213" hits="0" branch="false"/>
								<line number="214" hits="0" branch="false"/>
								<line number="215" hits="0" branch="false"/>
								<line number="216" hits="0" branch="false"/>
							</lines>
						</method>
						<method name="onYouWonAmount" signature="(Lcom/google/protobuf/RpcController;Lse/cygni/texasholdem/communication/ClientServer$YouWonAmountEvent;Lcom/google/protobuf/RpcCallback;)V" line-rate="0.0" branch-rate="1.0">
							<lines>
								<line number="177" hits="0" branch="false"/>
								<line number="178" hits="0" branch="false"/>
								<line number="179" hits="0" branch="false"/>
							</lines>
						</method>
						<method name="ping" signature="(Lcom/google/protobuf/RpcController;Lse/cygni/texasholdem/communication/ClientServer$Void;Lcom/google/protobuf/RpcCallback;)V" line-rate="0.0" branch-rate="1.0">
							<lines>
								<line number="53" hits="0" branch="false"/>
								<line number="54" hits="0" branch="false"/>
								<line number="55" hits="0" branch="false"/>
							</lines>
						</method>
						<method name="returnVoid" signature="(Lcom/google/protobuf/RpcCallback;)V" line-rate="0.0" branch-rate="1.0">
							<lines>
								<line number="220" hits="0" branch="false"/>
								<line number="221" hits="0" branch="false"/>
								<line number="222" hits="0" branch="false"/>
							</lines>
						</method>
						<method name="serverIsShuttingDown" signature="(Lcom/google/protobuf/RpcController;Lse/cygni/texasholdem/communication/ClientServer$PBMessage;Lcom/google/protobuf/RpcCallback;)V" line-rate="0.0" branch-rate="1.0">
							<lines>
								<line number="63" hits="0" branch="false"/>
								<line number="64" hits="0" branch="false"/>
								<line number="65" hits="0" branch="false"/>
							</lines>
						</method>
					</methods>
					<lines>
						<line number="37" hits="0" branch="false"/>
						<line number="42" hits="0" branch="false"/>
						<line number="44" hits="0" branch="false"/>
						<line number="45" hits="0" branch="false"/>
						<line number="53" hits="0" branch="false"/>
						<line number="54" hits="0" branch="false"/>
						<line number="55" hits="0" branch="false"/>
						<line number="63" hits="0" branch="false"/>
						<line number="64" hits="0" branch="false"/>
						<line number="65" hits="0" branch="false"/>
						<line number="73" hits="0" branch="false"/>
						<line number="74" hits="0" branch="false"/>
						<line number="76" hits="0" branch="false"/>
						<line number="84" hits="0" branch="false"/>
						<line number="85" hits="0" branch="false"/>
						<line number="87" hits="0" branch="false"/>
						<line number="95" hits="0" branch="false"/>
						<line number="96" hits="0" branch="false"/>
						<line number="99" hits="0" branch="false"/>
						<line number="107" hits="0" branch="false"/>
						<line number="108" hits="0" branch="false"/>
						<line number="110" hits="0" branch="false"/>
						<line number="118" hits="0" branch="false"/>
						<line number="119" hits="0" branch="false"/>
						<line number="121" hits="0" branch="false"/>
						<line number="129" hits="0" branch="false"/>
						<line number="130" hits="0" branch="false"/>
						<line number="132" hits="0" branch="false"/>
						<line number="140" hits="0" branch="false"/>
						<line number="141" hits="0" branch="false"/>
						<line number="143" hits="0" branch="false"/>
						<line number="151" hits="0" branch="false"/>
						<line number="152" hits="0" branch="false"/>
						<line number="154" hits="0" branch="false"/>
						<line number="162" hits="0" branch="false"/>
						<line number="163" hits="0" branch="true" condition-coverage="0% (0/2)">
							<conditions>
								<condition number="0" type="jump" coverage="0%"/>
							</conditions>
						</line>
						<line number="165" hits="0" branch="false"/>
						<line number="169" hits="0" branch="false"/>
						<line number="177" hits="0" branch="false"/>
						<line number="178" hits="0" branch="false"/>
						<line number="179" hits="0" branch="false"/>
						<line number="187" hits="0" branch="false"/>
						<line number="188" hits="0" branch="false"/>
						<line number="190" hits="0" branch="false"/>
						<line number="199" hits="0" branch="false"/>
						<line number="201" hits="0" branch="true" condition-coverage="0% (0/2)">
							<conditions>
								<condition number="0" type="jump" coverage="0%"/>
							</conditions>
						</line>
						<line number="202" hits="0" branch="false"/>
						<line number="205" hits="0" branch="false"/>
						<line number="207" hits="0" branch="false"/>
						<line number="210" hits="0" branch="false"/>
						<line number="212" hits="0" branch="false"/>
						<line number="213" hits="0" branch="false"/>
						<line number="214" hits="0" branch="false"/>
						<line number="215" hits="0" branch="false"/>
						<line number="216" hits="0" branch="false"/>
						<line number="220" hits="0" branch="false"/>
						<line number="221" hits="0" branch="false"/>
						<line number="222" hits="0" branch="false"/>
					</lines>
				</class>
			</classes>
		</package>
		<package name="se.cygni.texasholdem.game" line-rate="0.0" branch-rate="1.0" complexity="2.75">
			<classes>
				<class name="se.cygni.texasholdem.game.GameService" filename="se/cygni/texasholdem/game/GameService.java" line-rate="0.0" branch-rate="1.0" complexity="2.75">
					<methods>
						<method name="&lt;clinit&gt;" signature="()V" line-rate="0.0" branch-rate="1.0">
							<lines>
								<line number="49" hits="0" branch="false"/>
							</lines>
						</method>
						<method name="&lt;init&gt;" signature="(Lse/cygni/texasholdem/player/PlayerInterface;ILjava/lang/String;)V" line-rate="0.0" branch-rate="1.0">
							<lines>
								<line number="52" hits="0" branch="false"/>
								<line number="53" hits="0" branch="false"/>
								<line number="64" hits="0" branch="false"/>
								<line number="66" hits="0" branch="false"/>
								<line number="69" hits="0" branch="false"/>
								<line number="72" hits="0" branch="false"/>
								<line number="74" hits="0" branch="false"/>
								<line number="75" hits="0" branch="false"/>
							</lines>
						</method>
						<method name="access$000" signature="()Lorg/slf4j/Logger;" line-rate="1.0" branch-rate="1.0">
							<lines>
							</lines>
						</method>
						<method name="access$100" signature="(Lse/cygni/texasholdem/game/GameService;)Lse/cygni/texasholdem/player/PlayerInterface;" line-rate="0.0" branch-rate="1.0">
							<lines>
								<line number="47" hits="0" branch="false"/>
							</lines>
						</method>
						<method name="connect" signature="()V" line-rate="0.0" branch-rate="1.0">
							<lines>
								<line number="360" hits="0" branch="false"/>
								<line number="362" hits="0" branch="false"/>
								<line number="370" hits="0" branch="false"/>
								<line number="372" hits="0" branch="false"/>
								<line number="375" hits="0" branch="false"/>
								<line number="376" hits="0" branch="false"/>
								<line number="377" hits="0" branch="false"/>
								<line number="378" hits="0" branch="false"/>
								<line number="379" hits="0" branch="false"/>
								<line number="381" hits="0" branch="false"/>
								<line number="382" hits="0" branch="false"/>
								<line number="385" hits="0" branch="false"/>
								<line number="386" hits="0" branch="false"/>
								<line number="416" hits="0" branch="false"/>
								<line number="417" hits="0" branch="false"/>
								<line number="420" hits="0" branch="false"/>
								<line number="421" hits="0" branch="false"/>
								<line number="423" hits="0" branch="false"/>
							</lines>
						</method>
						<method name="getBigBlindAmount" signature="()J" line-rate="0.0" branch-rate="1.0">
							<lines>
								<line number="120" hits="0" branch="false"/>
								<line number="122" hits="0" branch="false"/>
								<line number="123" hits="0" branch="false"/>
								<line number="127" hits="0" branch="false"/>
								<line number="129" hits="0" branch="false"/>
								<line number="131" hits="0" branch="false"/>
								<line number="133" hits="0" branch="false"/>
								<line number="134" hits="0" branch="false"/>
								<line number="135" hits="0" branch="false"/>
							</lines>
						</method>
						<method name="getBigBlindPlayer" signature="()Lse/cygni/texasholdem/game/Player;" line-rate="0.0" branch-rate="1.0">
							<lines>
								<line number="257" hits="0" branch="false"/>
								<line number="259" hits="0" branch="false"/>
								<line number="260" hits="0" branch="false"/>
								<line number="264" hits="0" branch="false"/>
								<line number="266" hits="0" branch="false"/>
								<line number="269" hits="0" branch="false"/>
								<line number="271" hits="0" branch="false"/>
								<line number="273" hits="0" branch="false"/>
								<line number="274" hits="0" branch="false"/>
								<line number="275" hits="0" branch="false"/>
							</lines>
						</method>
						<method name="getCommunityCards" signature="()Ljava/util/List;" line-rate="0.0" branch-rate="1.0">
							<lines>
								<line number="281" hits="0" branch="false"/>
								<line number="283" hits="0" branch="false"/>
								<line number="284" hits="0" branch="false"/>
								<line number="288" hits="0" branch="false"/>
								<line number="290" hits="0" branch="false"/>
								<line number="293" hits="0" branch="false"/>
								<line number="295" hits="0" branch="false"/>
								<line number="297" hits="0" branch="false"/>
								<line number="298" hits="0" branch="false"/>
								<line number="299" hits="0" branch="false"/>
							</lines>
						</method>
						<method name="getDealerPlayer" signature="()Lse/cygni/texasholdem/game/Player;" line-rate="0.0" branch-rate="1.0">
							<lines>
								<line number="209" hits="0" branch="false"/>
								<line number="211" hits="0" branch="false"/>
								<line number="212" hits="0" branch="false"/>
								<line number="216" hits="0" branch="false"/>
								<line number="218" hits="0" branch="false"/>
								<line number="221" hits="0" branch="false"/>
								<line number="223" hits="0" branch="false"/>
								<line number="225" hits="0" branch="false"/>
								<line number="226" hits="0" branch="false"/>
								<line number="227" hits="0" branch="false"/>
							</lines>
						</method>
						<method name="getMyCards" signature="()Ljava/util/List;" line-rate="0.0" branch-rate="1.0">
							<lines>
								<line number="305" hits="0" branch="false"/>
								<line number="307" hits="0" branch="false"/>
								<line number="308" hits="0" branch="false"/>
								<line number="312" hits="0" branch="false"/>
								<line number="314" hits="0" branch="false"/>
								<line number="317" hits="0" branch="false"/>
								<line number="319" hits="0" branch="false"/>
								<line number="321" hits="0" branch="false"/>
								<line number="322" hits="0" branch="false"/>
								<line number="323" hits="0" branch="false"/>
							</lines>
						</method>
						<method name="getMyChipAmount" signature="()J" line-rate="0.0" branch-rate="1.0">
							<lines>
								<line number="79" hits="0" branch="false"/>
								<line number="81" hits="0" branch="false"/>
								<line number="82" hits="0" branch="false"/>
								<line number="85" hits="0" branch="false"/>
								<line number="87" hits="0" branch="false"/>
								<line number="89" hits="0" branch="false"/>
								<line number="91" hits="0" branch="false"/>
								<line number="92" hits="0" branch="false"/>
								<line number="93" hits="0" branch="false"/>
							</lines>
						</method>
						<method name="getPlayState" signature="()Lse/cygni/texasholdem/game/definitions/PlayState;" line-rate="0.0" branch-rate="1.0">
							<lines>
								<line number="162" hits="0" branch="false"/>
								<line number="164" hits="0" branch="false"/>
								<line number="165" hits="0" branch="false"/>
								<line number="169" hits="0" branch="false"/>
								<line number="171" hits="0" branch="false"/>
								<line number="173" hits="0" branch="false"/>
								<line number="175" hits="0" branch="false"/>
								<line number="177" hits="0" branch="false"/>
								<line number="178" hits="0" branch="false"/>
								<line number="179" hits="0" branch="false"/>
							</lines>
						</method>
						<method name="getPlayers" signature="()Ljava/util/List;" line-rate="0.0" branch-rate="1.0">
							<lines>
								<line number="185" hits="0" branch="false"/>
								<line number="187" hits="0" branch="false"/>
								<line number="188" hits="0" branch="false"/>
								<line number="192" hits="0" branch="false"/>
								<line number="194" hits="0" branch="false"/>
								<line number="197" hits="0" branch="false"/>
								<line number="199" hits="0" branch="false"/>
								<line number="201" hits="0" branch="false"/>
								<line number="202" hits="0" branch="false"/>
								<line number="203" hits="0" branch="false"/>
							</lines>
						</method>
						<method name="getPotAmount" signature="()J" line-rate="0.0" branch-rate="1.0">
							<lines>
								<line number="141" hits="0" branch="false"/>
								<line number="143" hits="0" branch="false"/>
								<line number="144" hits="0" branch="false"/>
								<line number="148" hits="0" branch="false"/>
								<line number="150" hits="0" branch="false"/>
								<line number="152" hits="0" branch="false"/>
								<line number="154" hits="0" branch="false"/>
								<line number="155" hits="0" branch="false"/>
								<line number="156" hits="0" branch="false"/>
							</lines>
						</method>
						<method name="getSessionId" signature="()Ljava/lang/String;" line-rate="0.0" branch-rate="1.0">
							<lines>
								<line number="427" hits="0" branch="false"/>
							</lines>
						</method>
						<method name="getSmallBlindAmount" signature="()J" line-rate="0.0" branch-rate="1.0">
							<lines>
								<line number="99" hits="0" branch="false"/>
								<line number="101" hits="0" branch="false"/>
								<line number="102" hits="0" branch="false"/>
								<line number="106" hits="0" branch="false"/>
								<line number="108" hits="0" branch="false"/>
								<line number="110" hits="0" branch="false"/>
								<line number="112" hits="0" branch="false"/>
								<line number="113" hits="0" branch="false"/>
								<line number="114" hits="0" branch="false"/>
							</lines>
						</method>
						<method name="getSmallBlindPlayer" signature="()Lse/cygni/texasholdem/game/Player;" line-rate="0.0" branch-rate="1.0">
							<lines>
								<line number="233" hits="0" branch="false"/>
								<line number="235" hits="0" branch="false"/>
								<line number="236" hits="0" branch="false"/>
								<line number="240" hits="0" branch="false"/>
								<line number="242" hits="0" branch="false"/>
								<line number="245" hits="0" branch="false"/>
								<line number="247" hits="0" branch="false"/>
								<line number="249" hits="0" branch="false"/>
								<line number="250" hits="0" branch="false"/>
								<line number="251" hits="0" branch="false"/>
							</lines>
						</method>
						<method name="getVoidInSession" signature="()Lse/cygni/texasholdem/communication/ClientServer$VoidInSession;" line-rate="0.0" branch-rate="1.0">
							<lines>
								<line number="355" hits="0" branch="false"/>
							</lines>
						</method>
						<method name="registerForPlay" signature="()V" line-rate="0.0" branch-rate="1.0">
							<lines>
								<line number="329" hits="0" branch="false"/>
								<line number="331" hits="0" branch="false"/>
								<line number="333" hits="0" branch="false"/>
								<line number="338" hits="0" branch="false"/>
								<line number="343" hits="0" branch="false"/>
								<line number="345" hits="0" branch="false"/>
								<line number="347" hits="0" branch="false"/>
								<line number="348" hits="0" branch="false"/>
								<line number="349" hits="0" branch="false"/>
								<line number="350" hits="0" branch="false"/>
								<line number="351" hits="0" branch="false"/>
							</lines>
						</method>
					</methods>
					<lines>
						<line number="47" hits="0" branch="false"/>
						<line number="49" hits="0" branch="false"/>
						<line number="52" hits="0" branch="false"/>
						<line number="53" hits="0" branch="false"/>
						<line number="64" hits="0" branch="false"/>
						<line number="66" hits="0" branch="false"/>
						<line number="69" hits="0" branch="false"/>
						<line number="72" hits="0" branch="false"/>
						<line number="74" hits="0" branch="false"/>
						<line number="75" hits="0" branch="false"/>
						<line number="79" hits="0" branch="false"/>
						<line number="81" hits="0" branch="false"/>
						<line number="82" hits="0" branch="false"/>
						<line number="85" hits="0" branch="false"/>
						<line number="87" hits="0" branch="false"/>
						<line number="89" hits="0" branch="false"/>
						<line number="91" hits="0" branch="false"/>
						<line number="92" hits="0" branch="false"/>
						<line number="93" hits="0" branch="false"/>
						<line number="99" hits="0" branch="false"/>
						<line number="101" hits="0" branch="false"/>
						<line number="102" hits="0" branch="false"/>
						<line number="106" hits="0" branch="false"/>
						<line number="108" hits="0" branch="false"/>
						<line number="110" hits="0" branch="false"/>
						<line number="112" hits="0" branch="false"/>
						<line number="113" hits="0" branch="false"/>
						<line number="114" hits="0" branch="false"/>
						<line number="120" hits="0" branch="false"/>
						<line number="122" hits="0" branch="false"/>
						<line number="123" hits="0" branch="false"/>
						<line number="127" hits="0" branch="false"/>
						<line number="129" hits="0" branch="false"/>
						<line number="131" hits="0" branch="false"/>
						<line number="133" hits="0" branch="false"/>
						<line number="134" hits="0" branch="false"/>
						<line number="135" hits="0" branch="false"/>
						<line number="141" hits="0" branch="false"/>
						<line number="143" hits="0" branch="false"/>
						<line number="144" hits="0" branch="false"/>
						<line number="148" hits="0" branch="false"/>
						<line number="150" hits="0" branch="false"/>
						<line number="152" hits="0" branch="false"/>
						<line number="154" hits="0" branch="false"/>
						<line number="155" hits="0" branch="false"/>
						<line number="156" hits="0" branch="false"/>
						<line number="162" hits="0" branch="false"/>
						<line number="164" hits="0" branch="false"/>
						<line number="165" hits="0" branch="false"/>
						<line number="169" hits="0" branch="false"/>
						<line number="171" hits="0" branch="false"/>
						<line number="173" hits="0" branch="false"/>
						<line number="175" hits="0" branch="false"/>
						<line number="177" hits="0" branch="false"/>
						<line number="178" hits="0" branch="false"/>
						<line number="179" hits="0" branch="false"/>
						<line number="185" hits="0" branch="false"/>
						<line number="187" hits="0" branch="false"/>
						<line number="188" hits="0" branch="false"/>
						<line number="192" hits="0" branch="false"/>
						<line number="194" hits="0" branch="false"/>
						<line number="197" hits="0" branch="false"/>
						<line number="199" hits="0" branch="false"/>
						<line number="201" hits="0" branch="false"/>
						<line number="202" hits="0" branch="false"/>
						<line number="203" hits="0" branch="false"/>
						<line number="209" hits="0" branch="false"/>
						<line number="211" hits="0" branch="false"/>
						<line number="212" hits="0" branch="false"/>
						<line number="216" hits="0" branch="false"/>
						<line number="218" hits="0" branch="false"/>
						<line number="221" hits="0" branch="false"/>
						<line number="223" hits="0" branch="false"/>
						<line number="225" hits="0" branch="false"/>
						<line number="226" hits="0" branch="false"/>
						<line number="227" hits="0" branch="false"/>
						<line number="233" hits="0" branch="false"/>
						<line number="235" hits="0" branch="false"/>
						<line number="236" hits="0" branch="false"/>
						<line number="240" hits="0" branch="false"/>
						<line number="242" hits="0" branch="false"/>
						<line number="245" hits="0" branch="false"/>
						<line number="247" hits="0" branch="false"/>
						<line number="249" hits="0" branch="false"/>
						<line number="250" hits="0" branch="false"/>
						<line number="251" hits="0" branch="false"/>
						<line number="257" hits="0" branch="false"/>
						<line number="259" hits="0" branch="false"/>
						<line number="260" hits="0" branch="false"/>
						<line number="264" hits="0" branch="false"/>
						<line number="266" hits="0" branch="false"/>
						<line number="269" hits="0" branch="false"/>
						<line number="271" hits="0" branch="false"/>
						<line number="273" hits="0" branch="false"/>
						<line number="274" hits="0" branch="false"/>
						<line number="275" hits="0" branch="false"/>
						<line number="281" hits="0" branch="false"/>
						<line number="283" hits="0" branch="false"/>
						<line number="284" hits="0" branch="false"/>
						<line number="288" hits="0" branch="false"/>
						<line number="290" hits="0" branch="false"/>
						<line number="293" hits="0" branch="false"/>
						<line number="295" hits="0" branch="false"/>
						<line number="297" hits="0" branch="false"/>
						<line number="298" hits="0" branch="false"/>
						<line number="299" hits="0" branch="false"/>
						<line number="305" hits="0" branch="false"/>
						<line number="307" hits="0" branch="false"/>
						<line number="308" hits="0" branch="false"/>
						<line number="312" hits="0" branch="false"/>
						<line number="314" hits="0" branch="false"/>
						<line number="317" hits="0" branch="false"/>
						<line number="319" hits="0" branch="false"/>
						<line number="321" hits="0" branch="false"/>
						<line number="322" hits="0" branch="false"/>
						<line number="323" hits="0" branch="false"/>
						<line number="329" hits="0" branch="false"/>
						<line number="331" hits="0" branch="false"/>
						<line number="333" hits="0" branch="false"/>
						<line number="338" hits="0" branch="false"/>
						<line number="343" hits="0" branch="false"/>
						<line number="345" hits="0" branch="false"/>
						<line number="347" hits="0" branch="false"/>
						<line number="348" hits="0" branch="false"/>
						<line number="349" hits="0" branch="false"/>
						<line number="350" hits="0" branch="false"/>
						<line number="351" hits="0" branch="false"/>
						<line number="355" hits="0" branch="false"/>
						<line number="360" hits="0" branch="false"/>
						<line number="362" hits="0" branch="false"/>
						<line number="370" hits="0" branch="false"/>
						<line number="372" hits="0" branch="false"/>
						<line number="375" hits="0" branch="false"/>
						<line number="376" hits="0" branch="false"/>
						<line number="377" hits="0" branch="false"/>
						<line number="378" hits="0" branch="false"/>
						<line number="379" hits="0" branch="false"/>
						<line number="381" hits="0" branch="false"/>
						<line number="382" hits="0" branch="false"/>
						<line number="385" hits="0" branch="false"/>
						<line number="386" hits="0" branch="false"/>
						<line number="416" hits="0" branch="false"/>
						<line number="417" hits="0" branch="false"/>
						<line number="420" hits="0" branch="false"/>
						<line number="421" hits="0" branch="false"/>
						<line number="423" hits="0" branch="false"/>
						<line number="427" hits="0" branch="false"/>
					</lines>
				</class>
				<class name="se.cygni.texasholdem.game.GameService$1" filename="se/cygni/texasholdem/game/GameService.java" line-rate="0.0" branch-rate="1.0" complexity="2.75">
					<methods>
						<method name="&lt;init&gt;" signature="(Lse/cygni/texasholdem/game/GameService;)V" line-rate="0.0" branch-rate="1.0">
							<lines>
								<line number="386" hits="0" branch="false"/>
							</lines>
						</method>
						<method name="connectionChanged" signature="(Lcom/googlecode/protobuf/pro/duplex/RpcClientChannel;)V" line-rate="0.0" branch-rate="1.0">
							<lines>
								<line number="413" hits="0" branch="false"/>
								<line number="414" hits="0" branch="false"/>
							</lines>
						</method>
						<method name="connectionLost" signature="(Lcom/googlecode/protobuf/pro/duplex/RpcClientChannel;)V" line-rate="0.0" branch-rate="1.0">
							<lines>
								<line number="406" hits="0" branch="false"/>
								<line number="407" hits="0" branch="false"/>
								<line number="408" hits="0" branch="false"/>
							</lines>
						</method>
						<method name="connectionOpened" signature="(Lcom/googlecode/protobuf/pro/duplex/RpcClientChannel;)V" line-rate="0.0" branch-rate="1.0">
							<lines>
								<line number="399" hits="0" branch="false"/>
								<line number="400" hits="0" branch="false"/>
								<line number="401" hits="0" branch="false"/>
							</lines>
						</method>
						<method name="connectionReestablished" signature="(Lcom/googlecode/protobuf/pro/duplex/RpcClientChannel;)V" line-rate="0.0" branch-rate="1.0">
							<lines>
								<line number="392" hits="0" branch="false"/>
								<line number="393" hits="0" branch="false"/>
								<line number="394" hits="0" branch="false"/>
							</lines>
						</method>
					</methods>
					<lines>
						<line number="386" hits="0" branch="false"/>
						<line number="392" hits="0" branch="false"/>
						<line number="393" hits="0" branch="false"/>
						<line number="394" hits="0" branch="false"/>
						<line number="399" hits="0" branch="false"/>
						<line number="400" hits="0" branch="false"/>
						<line number="401" hits="0" branch="false"/>
						<line number="406" hits="0" branch="false"/>
						<line number="407" hits="0" branch="false"/>
						<line number="408" hits="0" branch="false"/>
						<line number="413" hits="0" branch="false"/>
						<line number="414" hits="0" branch="false"/>
					</lines>
				</class>
			</classes>
		</package>
		<package name="se.cygni.texasholdem.player" line-rate="0.0" branch-rate="1.0" complexity="1.0">
			<classes>
				<class name="se.cygni.texasholdem.player.DummyPlayer" filename="se/cygni/texasholdem/player/DummyPlayer.java" line-rate="0.0" branch-rate="1.0" complexity="1.0">
					<methods>
						<method name="&lt;init&gt;" signature="()V" line-rate="0.0" branch-rate="1.0">
							<lines>
								<line number="9" hits="0" branch="false"/>
							</lines>
						</method>
						<method name="connectionToGameServerEstablished" signature="()V" line-rate="0.0" branch-rate="1.0">
							<lines>
								<line number="125" hits="0" branch="false"/>
								<line number="127" hits="0" branch="false"/>
							</lines>
						</method>
						<method name="connectionToGameServerLost" signature="()V" line-rate="0.0" branch-rate="1.0">
							<lines>
								<line number="118" hits="0" branch="false"/>
								<line number="120" hits="0" branch="false"/>
							</lines>
						</method>
						<method name="getName" signature="()Ljava/lang/String;" line-rate="0.0" branch-rate="1.0">
							<lines>
								<line number="14" hits="0" branch="false"/>
								<line number="15" hits="0" branch="false"/>
							</lines>
						</method>
						<method name="onActionRequired" signature="(Ljava/util/List;)Lse/cygni/texasholdem/game/Action;" line-rate="0.0" branch-rate="1.0">
							<lines>
								<line number="111" hits="0" branch="false"/>
								<line number="112" hits="0" branch="false"/>
							</lines>
						</method>
						<method name="onCommunityHasBeenDealtACard" signature="(Lse/cygni/texasholdem/game/Card;)V" line-rate="0.0" branch-rate="1.0">
							<lines>
								<line number="42" hits="0" branch="false"/>
								<line number="44" hits="0" branch="false"/>
							</lines>
						</method>
						<method name="onPlayIsStarted" signature="(Ljava/util/List;)V" line-rate="0.0" branch-rate="1.0">
							<lines>
								<line number="28" hits="0" branch="false"/>
								<line number="30" hits="0" branch="false"/>
							</lines>
						</method>
						<method name="onPlayerCalled" signature="(Lse/cygni/texasholdem/game/Player;J)V" line-rate="0.0" branch-rate="1.0">
							<lines>
								<line number="56" hits="0" branch="false"/>
								<line number="58" hits="0" branch="false"/>
							</lines>
						</method>
						<method name="onPlayerChecked" signature="(Lse/cygni/texasholdem/game/Player;)V" line-rate="0.0" branch-rate="1.0">
							<lines>
								<line number="83" hits="0" branch="false"/>
								<line number="85" hits="0" branch="false"/>
							</lines>
						</method>
						<method name="onPlayerFolded" signature="(Lse/cygni/texasholdem/game/Player;)V" line-rate="0.0" branch-rate="1.0">
							<lines>
								<line number="49" hits="0" branch="false"/>
								<line number="51" hits="0" branch="false"/>
							</lines>
						</method>
						<method name="onPlayerRaised" signature="(Lse/cygni/texasholdem/game/Player;JJ)V" line-rate="0.0" branch-rate="1.0">
							<lines>
								<line number="66" hits="0" branch="false"/>
								<line number="68" hits="0" branch="false"/>
							</lines>
						</method>
						<method name="onPlayerWentAllIn" signature="(Lse/cygni/texasholdem/game/Player;JJ)V" line-rate="0.0" branch-rate="1.0">
							<lines>
								<line number="76" hits="0" branch="false"/>
								<line number="78" hits="0" branch="false"/>
							</lines>
						</method>
						<method name="onPlayerWithdrew" signature="(Lse/cygni/texasholdem/game/Player;)V" line-rate="0.0" branch-rate="1.0">
							<lines>
								<line number="104" hits="0" branch="false"/>
								<line number="106" hits="0" branch="false"/>
							</lines>
						</method>
						<method name="onPlayerWonAmount" signature="(Lse/cygni/texasholdem/game/Player;J)V" line-rate="0.0" branch-rate="1.0">
							<lines>
								<line number="97" hits="0" branch="false"/>
								<line number="99" hits="0" branch="false"/>
							</lines>
						</method>
						<method name="onYouHaveBeenDealtACard" signature="(Lse/cygni/texasholdem/game/Card;)V" line-rate="0.0" branch-rate="1.0">
							<lines>
								<line number="35" hits="0" branch="false"/>
								<line number="37" hits="0" branch="false"/>
							</lines>
						</method>
						<method name="onYouWonAmount" signature="(J)V" line-rate="0.0" branch-rate="1.0">
							<lines>
								<line number="90" hits="0" branch="false"/>
								<line number="92" hits="0" branch="false"/>
							</lines>
						</method>
						<method name="serverIsShuttingDown" signature="(Ljava/lang/String;)V" line-rate="0.0" branch-rate="1.0">
							<lines>
								<line number="21" hits="0" branch="false"/>
								<line number="23" hits="0" branch="false"/>
							</lines>
						</method>
					</methods>
					<lines>
						<line number="9" hits="0" branch="false"/>
						<line number="14" hits="0" branch="false"/>
						<line number="15" hits="0" branch="false"/>
						<line number="21" hits="0" branch="false"/>
						<line number="23" hits="0" branch="false"/>
						<line number="28" hits="0" branch="false"/>
						<line number="30" hits="0" branch="false"/>
						<line number="35" hits="0" branch="false"/>
						<line number="37" hits="0" branch="false"/>
						<line number="42" hits="0" branch="false"/>
						<line number="44" hits="0" branch="false"/>
						<line number="49" hits="0" branch="false"/>
						<line number="51" hits="0" branch="false"/>
						<line number="56" hits="0" branch="false"/>
						<line number="58" hits="0" branch="false"/>
						<line number="66" hits="0" branch="false"/>
						<line number="68" hits="0" branch="false"/>
						<line number="76" hits="0" branch="false"/>
						<line number="78" hits="0" branch="false"/>
						<line number="83" hits="0" branch="false"/>
						<line number="85" hits="0" branch="false"/>
						<line number="90" hits="0" branch="false"/>
						<line number="92" hits="0" branch="false"/>
						<line number="97" hits="0" branch="false"/>
						<line number="99" hits="0" branch="false"/>
						<line number="104" hits="0" branch="false"/>
						<line number="106" hits="0" branch="false"/>
						<line number="111" hits="0" branch="false"/>
						<line number="112" hits="0" branch="false"/>
						<line number="118" hits="0" branch="false"/>
						<line number="120" hits="0" branch="false"/>
						<line number="125" hits="0" branch="false"/>
						<line number="127" hits="0" branch="false"/>
					</lines>
				</class>
				<class name="se.cygni.texasholdem.player.PlayerInterface" filename="se/cygni/texasholdem/player/PlayerInterface.java" line-rate="1.0" branch-rate="1.0" complexity="1.0">
					<methods>
					</methods>
					<lines>
					</lines>
				</class>
			</classes>
		</package>
	</packages>
</coverage>
